[14:18:33] [User Authenticator #136/INFO]: UUID of player Jitq is b046eccb-97aa-463f-a9eb-4512c56074da
[14:18:33] [Server thread/INFO]: Jitq[/180.218.218.51:50170] logged in with entity id 716529 at (322.3201491676405, 64.0, 43.69103737653147)
[14:18:33] [Server thread/INFO]: Jitq joined the game
[14:23:56] [Server thread/WARN]: Mismatch in destroy block pos: fx{x=343, y=55, z=-133} fx{x=343, y=56, z=-133}
[14:42:14] [Server thread/INFO]: Jitq has made the advancement [Tactical Fishing]
[14:42:21] [Server thread/INFO]: Jitq drowned
[14:44:40] [Server thread/INFO]: Jitq drowned
[15:08:36] [Server thread/INFO]: Jitq lost connection: Disconnected
[15:08:36] [Server thread/INFO]: Jitq left the game
[15:10:03] [User Authenticator #137/INFO]: UUID of player Jitq is b046eccb-97aa-463f-a9eb-4512c56074da
[15:10:03] [Server thread/INFO]: Jitq[/180.218.218.51:50410] logged in with entity id 723323 at (315.79853257925396, 64.0, 42.095967899379524)
[15:10:03] [Server thread/INFO]: Jitq joined the game
[15:34:02] [Server thread/INFO]: Jitq lost connection: Disconnected
[15:34:02] [Server thread/INFO]: Jitq left the game
[15:37:55] [User Authenticator #138/INFO]: UUID of player Jitq is b046eccb-97aa-463f-a9eb-4512c56074da
[15:37:55] [Server thread/INFO]: Jitq[/180.218.218.51:50628] logged in with entity id 726940 at (315.1637588217346, 64.5625, 41.70764868233054)
[15:37:55] [Server thread/INFO]: Jitq joined the game
[15:43:40] [Server thread/INFO]: Jitq lost connection: Disconnected
[15:43:40] [Server thread/INFO]: Jitq left the game
[20:27:29] [Server thread/INFO]: There are 0 of a max of 20 players online: 
[20:29:07] [Server thread/INFO]: Stopping server
[20:29:07] [Server thread/INFO]: Saving players
[20:29:07] [Server thread/INFO]: Saving worlds
[20:29:07] [Server thread/INFO]: Saving chunks for level 'ServerLevel[world]'/minecraft:overworld
[20:29:06] [Server console handler/ERROR]: Exception handling console input
java.io.IOException: Input/output error
	at java.io.FileInputStream.readBytes(Native Method) ~[?:?]
	at java.io.FileInputStream.read(FileInputStream.java:279) ~[?:?]
	at java.io.BufferedInputStream.read1(BufferedInputStream.java:290) ~[?:?]
	at java.io.BufferedInputStream.read(BufferedInputStream.java:351) ~[?:?]
	at sun.nio.cs.StreamDecoder.readBytes(StreamDecoder.java:284) ~[?:?]
	at sun.nio.cs.StreamDecoder.implRead(StreamDecoder.java:326) ~[?:?]
	at sun.nio.cs.StreamDecoder.read(StreamDecoder.java:178) ~[?:?]
	at java.io.InputStreamReader.read(InputStreamReader.java:185) ~[?:?]
	at java.io.BufferedReader.fill(BufferedReader.java:161) ~[?:?]
	at java.io.BufferedReader.readLine(BufferedReader.java:326) ~[?:?]
	at java.io.BufferedReader.readLine(BufferedReader.java:392) ~[?:?]
	at zg$1.run(SourceFile:95) [server.jar:?]
[20:29:07] [Server thread/INFO]: ThreadedAnvilChunkStorage (world): All chunks are saved
[20:29:07] [Server thread/INFO]: Saving chunks for level 'ServerLevel[world]'/minecraft:the_nether
[20:29:07] [Server thread/INFO]: ThreadedAnvilChunkStorage (DIM-1): All chunks are saved
[20:29:07] [Server thread/INFO]: Saving chunks for level 'ServerLevel[world]'/minecraft:the_end
[20:29:07] [Server thread/INFO]: ThreadedAnvilChunkStorage (DIM1): All chunks are saved
[20:29:07] [Server thread/INFO]: ThreadedAnvilChunkStorage (world): All chunks are saved
[20:29:08] [Server thread/INFO]: ThreadedAnvilChunkStorage (DIM-1): All chunks are saved
[20:29:08] [Server thread/INFO]: ThreadedAnvilChunkStorage (DIM1): All chunks are saved
